<?xml version="1.0" encoding="UTF-8" ?>
<testsuites>
  <testsuite errors="1" failures="0" hostname="Lawyer-WF-33" id="0" name="AbstractColTest" package="xyz.mongo.ds" tests="1" time="0.072" timestamp="2012-05-11T04:25:00">
      <properties>
[...]
</properties>

      <testcase classname="junit.framework.JUnit4TestCaseFacade" name="xyz.mongo.ds.AbstractColTest" time="0.0050">
          <error message="No runnable methods" type="java.lang.Exception">java.lang.Exception: No runnable methods
	at org.eclipse.ant.internal.launching.remote.EclipseDefaultExecutor.executeTargets(EclipseDefaultExecutor.java:32)
	at org.eclipse.ant.internal.launching.remote.InternalAntRunner.run(InternalAntRunner.java:424)
	at org.eclipse.ant.internal.launching.remote.InternalAntRunner.main(InternalAntRunner.java:138)
</error>

      </testcase>

      <system-out><![CDATA[]]></system-out>

      <system-err><![CDATA[]]></system-err>

  </testsuite>
  <testsuite errors="2" failures="0" hostname="Lawyer-WF-33" id="1" name="CountColTest" package="xyz.mongo.ds" tests="2" time="0.201" timestamp="2012-05-11T04:25:00">
      <properties>
[...]
</properties>

      <testcase classname="xyz.mongo.ds.CountColTest" name="all" time="0.177">
          <error message="xyz/mongo/util/IJsonStringUtil" type="java.lang.NoClassDefFoundError">java.lang.NoClassDefFoundError: xyz/mongo/util/IJsonStringUtil
	at xyz.mongo.ds.CountColTest.insertExecuter(CountColTest.java:21)
	at xyz.mongo.ds.AbstractColTest.setUp(AbstractColTest.java:42)
	at org.eclipse.ant.internal.launching.remote.EclipseDefaultExecutor.executeTargets(EclipseDefaultExecutor.java:32)
	at org.eclipse.ant.internal.launching.remote.InternalAntRunner.run(InternalAntRunner.java:424)
	at org.eclipse.ant.internal.launching.remote.InternalAntRunner.main(InternalAntRunner.java:138)
Caused by: java.lang.ClassNotFoundException: xyz.mongo.util.IJsonStringUtil
	at java.lang.ClassLoader.loadClass(Unknown Source)
</error>

      </testcase>

      <testcase classname="xyz.mongo.ds.CountColTest" name="param" time="0.018">
          <error message="xyz/mongo/util/IJsonStringUtil" type="java.lang.NoClassDefFoundError">java.lang.NoClassDefFoundError: xyz/mongo/util/IJsonStringUtil
	at xyz.mongo.ds.CountColTest.insertExecuter(CountColTest.java:21)
	at xyz.mongo.ds.AbstractColTest.setUp(AbstractColTest.java:42)
	at org.eclipse.ant.internal.launching.remote.EclipseDefaultExecutor.executeTargets(EclipseDefaultExecutor.java:32)
	at org.eclipse.ant.internal.launching.remote.InternalAntRunner.run(InternalAntRunner.java:424)
	at org.eclipse.ant.internal.launching.remote.InternalAntRunner.main(InternalAntRunner.java:138)
Caused by: java.lang.ClassNotFoundException: xyz.mongo.util.IJsonStringUtil
	at java.lang.ClassLoader.loadClass(Unknown Source)
</error>

      </testcase>

      <system-out><![CDATA[]]></system-out>

      <system-err><![CDATA[]]></system-err>

  </testsuite>
  <testsuite errors="1" failures="0" hostname="Lawyer-WF-33" id="2" name="ExistColTest" package="xyz.mongo.ds" tests="1" time="0.0080" timestamp="2012-05-11T04:25:01">
      <properties>
[...]
</properties>

      <testcase classname="xyz.mongo.ds.ExistColTest" name="test" time="0.0050">
          <error message="xyz/mongo/util/IJsonStringUtil" type="java.lang.NoClassDefFoundError">java.lang.NoClassDefFoundError: xyz/mongo/util/IJsonStringUtil
	at xyz.mongo.ds.ExistColTest.insertExecuter(ExistColTest.java:18)
	at xyz.mongo.ds.AbstractColTest.setUp(AbstractColTest.java:42)
	at org.eclipse.ant.internal.launching.remote.EclipseDefaultExecutor.executeTargets(EclipseDefaultExecutor.java:32)
	at org.eclipse.ant.internal.launching.remote.InternalAntRunner.run(InternalAntRunner.java:424)
	at org.eclipse.ant.internal.launching.remote.InternalAntRunner.main(InternalAntRunner.java:138)
Caused by: java.lang.ClassNotFoundException: xyz.mongo.util.IJsonStringUtil
	at java.lang.ClassLoader.loadClass(Unknown Source)
</error>

      </testcase>

      <system-out><![CDATA[]]></system-out>

      <system-err><![CDATA[]]></system-err>

  </testsuite>
  <testsuite errors="5" failures="0" hostname="Lawyer-WF-33" id="3" name="MainColTest" package="xyz.mongo.ds" tests="5" time="0.015" timestamp="2012-05-11T04:25:01">
      <properties>
[...]
</properties>

      <testcase classname="xyz.mongo.ds.MainColTest" name="transtest" time="0.0030">
          <error message="xyz/mongo/util/IJsonStringUtil" type="java.lang.NoClassDefFoundError">java.lang.NoClassDefFoundError: xyz/mongo/util/IJsonStringUtil
	at xyz.mongo.ds.MainColTest.getIMongoDataSource(MainColTest.java:86)
	at xyz.mongo.ds.MainColTest.transtest(MainColTest.java:26)
	at org.eclipse.ant.internal.launching.remote.EclipseDefaultExecutor.executeTargets(EclipseDefaultExecutor.java:32)
	at org.eclipse.ant.internal.launching.remote.InternalAntRunner.run(InternalAntRunner.java:424)
	at org.eclipse.ant.internal.launching.remote.InternalAntRunner.main(InternalAntRunner.java:138)
Caused by: java.lang.ClassNotFoundException: xyz.mongo.util.IJsonStringUtil
	at java.lang.ClassLoader.loadClass(Unknown Source)
</error>

      </testcase>

      <testcase classname="xyz.mongo.ds.MainColTest" name="jointest" time="0.0020">
          <error message="xyz/mongo/util/IJsonStringUtil" type="java.lang.NoClassDefFoundError">java.lang.NoClassDefFoundError: xyz/mongo/util/IJsonStringUtil
	at xyz.mongo.ds.MainColTest.getIMongoDataSource(MainColTest.java:86)
	at xyz.mongo.ds.MainColTest.jointest(MainColTest.java:34)
	at org.eclipse.ant.internal.launching.remote.EclipseDefaultExecutor.executeTargets(EclipseDefaultExecutor.java:32)
	at org.eclipse.ant.internal.launching.remote.InternalAntRunner.run(InternalAntRunner.java:424)
	at org.eclipse.ant.internal.launching.remote.InternalAntRunner.main(InternalAntRunner.java:138)
Caused by: java.lang.ClassNotFoundException: xyz.mongo.util.IJsonStringUtil
	at java.lang.ClassLoader.loadClass(Unknown Source)
</error>

      </testcase>

      <testcase classname="xyz.mongo.ds.MainColTest" name="findByIdInBaseTable" time="0.0010">
          <error message="xyz/mongo/util/IJsonStringUtil" type="java.lang.NoClassDefFoundError">java.lang.NoClassDefFoundError: xyz/mongo/util/IJsonStringUtil
	at xyz.mongo.ds.MainColTest.getIMongoDataSource(MainColTest.java:86)
	at xyz.mongo.ds.MainColTest.findByIdInBaseTable(MainColTest.java:42)
	at org.eclipse.ant.internal.launching.remote.EclipseDefaultExecutor.executeTargets(EclipseDefaultExecutor.java:32)
	at org.eclipse.ant.internal.launching.remote.InternalAntRunner.run(InternalAntRunner.java:424)
	at org.eclipse.ant.internal.launching.remote.InternalAntRunner.main(InternalAntRunner.java:138)
Caused by: java.lang.ClassNotFoundException: xyz.mongo.util.IJsonStringUtil
	at java.lang.ClassLoader.loadClass(Unknown Source)
</error>

      </testcase>

      <testcase classname="xyz.mongo.ds.MainColTest" name="findProsByIdInBaseTable" time="0.0010">
          <error message="xyz/mongo/util/IJsonStringUtil" type="java.lang.NoClassDefFoundError">java.lang.NoClassDefFoundError: xyz/mongo/util/IJsonStringUtil
	at xyz.mongo.ds.MainColTest.getIMongoDataSource(MainColTest.java:86)
	at xyz.mongo.ds.MainColTest.findProsByIdInBaseTable(MainColTest.java:50)
	at org.eclipse.ant.internal.launching.remote.EclipseDefaultExecutor.executeTargets(EclipseDefaultExecutor.java:32)
	at org.eclipse.ant.internal.launching.remote.InternalAntRunner.run(InternalAntRunner.java:424)
	at org.eclipse.ant.internal.launching.remote.InternalAntRunner.main(InternalAntRunner.java:138)
Caused by: java.lang.ClassNotFoundException: xyz.mongo.util.IJsonStringUtil
	at java.lang.ClassLoader.loadClass(Unknown Source)
</error>

      </testcase>

      <testcase classname="xyz.mongo.ds.MainColTest" name="test" time="0.0040">
          <error message="xyz/mongo/util/IJsonStringUtil" type="java.lang.NoClassDefFoundError">java.lang.NoClassDefFoundError: xyz/mongo/util/IJsonStringUtil
	at xyz.mongo.ds.MainColTest.getIMongoDataSource(MainColTest.java:86)
	at xyz.mongo.ds.MainColTest.test(MainColTest.java:58)
	at org.eclipse.ant.internal.launching.remote.EclipseDefaultExecutor.executeTargets(EclipseDefaultExecutor.java:32)
	at org.eclipse.ant.internal.launching.remote.InternalAntRunner.run(InternalAntRunner.java:424)
	at org.eclipse.ant.internal.launching.remote.InternalAntRunner.main(InternalAntRunner.java:138)
Caused by: java.lang.ClassNotFoundException: xyz.mongo.util.IJsonStringUtil
	at java.lang.ClassLoader.loadClass(Unknown Source)
</error>

      </testcase>

      <system-out><![CDATA[]]></system-out>

      <system-err><![CDATA[will get servie
will get servie
will get servie
will get servie
will get servie
]]></system-err>

  </testsuite>
</testsuites>
